C51 COMPILER V9.60.0.0   MAIN                                                              03/08/2022 08:40:44 PAGE 1   


C51 COMPILER V9.60.0.0, COMPILATION OF MODULE MAIN
OBJECT MODULE PLACED IN .\Objects\main.obj
COMPILER INVOKED BY: D:\Program Files (x86)\keil5\C51\BIN\C51.EXE main.c OPTIMIZE(8,SPEED) BROWSE DEBUG OBJECTEXTEND PRI
                    -NT(.\Listings\main.lst) OBJECT(.\Objects\main.obj)

line level    source

   1          #include <STC15F2K60S2.H>
   2          #include <intrins.h>
   3          #include "iic.h"
   4          
   5          sbit SCL=P2^0;
   6          sbit SDA=P2^1;
   7          bit S4,S5,S6,S7;
   8          unsigned char code Sun_Tube[]={0xc0,0xf9,0xa4,0xb0,0x99,0x92,0x82,0xf8,0x80,
   9                                                                  0x90,0x88,0x80,0xc6,0xc0,0x86,0x8e,
  10                                                                  0xbf,0x7f,0xff};
  11          unsigned char Num;
  12                                                                  
  13          void Delay(unsigned int m)              //@11.0592MHz
  14          {
  15   1              unsigned char i, j;
  16   1      
  17   1              while(m--)
  18   1              {
  19   2                      _nop_();
  20   2                      _nop_();
  21   2                      _nop_();
  22   2                      i = 11;
  23   2                      j = 190;
  24   2                      do
  25   2                      {
  26   3                              while (--j);
  27   3                      } while (--i);
  28   2              }
  29   1      }
  30          
  31          
  32          void Shut_Off()
  33          {
  34   1              P2=P2&0x1f|0x80;
  35   1              P0=0xff;
  36   1              P2=P2&0x1f|0xa0;
  37   1              P0=0x00;
  38   1      }
  39          
  40          void Display(unsigned char rank,unsigned char num)
  41          {
  42   1              P2=P2&0x1f|0xc0;
  43   1              rank--;
  44   1              P0=0x01<<rank;
  45   1              P2=P2&0x1f|0xe0;
  46   1              P0=Sun_Tube[num];
  47   1              Delay(1);
  48   1              P2=P2&0x1f|0xc0;
  49   1              P0=0x00;
  50   1      }
  51          
  52          unsigned char AT24C02_Read(unsigned char Address)
  53          {
  54   1              unsigned char Data;
C51 COMPILER V9.60.0.0   MAIN                                                              03/08/2022 08:40:44 PAGE 2   

  55   1              IIC_Start();
  56   1              IIC_SendByte(0xa0);
  57   1              IIC_WaitAck();
  58   1              IIC_SendByte(Address);
  59   1              IIC_WaitAck();
  60   1              
  61   1              IIC_Start();
  62   1              IIC_SendByte(0xa1);
  63   1              IIC_WaitAck();
  64   1              Data=IIC_RecByte();
  65   1              IIC_SendAck(1);
  66   1              IIC_Stop();
  67   1              
  68   1              return Data;
  69   1      }
  70          
  71          
  72          
  73          void AT24C02_Write(unsigned char Address,Data)
  74          {
  75   1              IIC_Start();
  76   1              IIC_SendByte(0xa0);
  77   1              IIC_WaitAck();
  78   1              IIC_SendByte(Address);
  79   1              IIC_WaitAck();
  80   1              
  81   1              IIC_SendByte(Data);
  82   1              IIC_WaitAck();
  83   1              IIC_Stop();
  84   1      }
  85          
  86          void Key_BTN()
  87          {
  88   1              if(P30==0 && S7==0)
  89   1                      if(P30==0)
  90   1                              S7=1;
  91   1              if(P31==0 && S6==0)
  92   1                      if(P31==0)
  93   1                              S6=1;
  94   1              if(P32==0 && S5==0)
  95   1                      if(P32==0)
  96   1                              S5=1;
  97   1              if(P33==0 && S4==0)
  98   1                      if(P33==0)
  99   1                              S4=1;
 100   1              
 101   1              
 102   1              if(P30==1 && S7==1)
 103   1              {
 104   2                      S7=0;
 105   2                      Num++;
 106   2              }
 107   1              if(P31==1 && S6==1)
 108   1              {
 109   2                      S6=0;
 110   2                      Num--;
 111   2              }
 112   1              if(P32==1 && S5==1)
 113   1              {
 114   2                      S5=0;
 115   2                      AT24C02_Write(0,Num);
 116   2              }
C51 COMPILER V9.60.0.0   MAIN                                                              03/08/2022 08:40:44 PAGE 3   

 117   1              if(P33==1 && S4==1)
 118   1              {
 119   2                      S4=0;
 120   2                      Num=AT24C02_Read(0);
 121   2              }
 122   1      }
 123          //void At24C02_Write(unsigned char Address,Data)
 124          //{
 125          //      IIC_Start();
 126          //      IIC_SendByte(0xa0);
 127          //      IIC_WaitAck();
 128          //      IIC_SendByte(Address);
 129          //      IIC_WaitAck();
 130          //      IIC_SendByte(Data);
 131          //      IIC_WaitAck();
 132          //      IIC_Stop();
 133          //}
 134          
 135          //void AT24C02_Read(unsigned char Address)
 136          //{
 137          //      unsigned char Data;
 138          //      IIC_Start();
 139          //      IIC_SendByte(0xa0);
 140          //      IIC_WaitAck();
 141          //      IIC_SendByte(Address);
 142          //      IIC_WaitAck();
 143          //      
 144          //      IIC_Start();
 145          //      IIC_SendByte(0xa1);
 146          //      IIC_WaitAck();
 147          //      Data=IIC_ReceiveByte();
 148          //      IIC_SendByte(1);
 149          //      IIC_Stop();
 150          //      
 151          //      
 152          //}
 153          
 154          
 155          
 156          
 157          
 158          void main()
 159          {
 160   1              Shut_Off();
 161   1              while(1)
 162   1              {
 163   2                      Key_BTN();
 164   2                      Display(1,Num/10);
 165   2                      Display(2,Num%10);
 166   2              }
 167   1      }


MODULE INFORMATION:   STATIC OVERLAYABLE
   CODE SIZE        =    318    ----
   CONSTANT SIZE    =     19    ----
   XDATA SIZE       =   ----    ----
   PDATA SIZE       =   ----    ----
   DATA SIZE        =      1       5
   IDATA SIZE       =   ----    ----
   BIT SIZE         =      4    ----
END OF MODULE INFORMATION.

C51 COMPILER V9.60.0.0   MAIN                                                              03/08/2022 08:40:44 PAGE 4   


C51 COMPILATION COMPLETE.  0 WARNING(S),  0 ERROR(S)
